<?xml version="1.0" encoding="UTF-8"?>
<!-- Generated by org.testng.reporters.JUnitReportReporter -->
<testsuite hostname="DESKTOP-P2B97J9" failures="0" tests="1" name="com.uitesting.runner.RunnerTestNGTest" time="22.947" errors="0" timestamp="2022-04-28T18:22:53 IST" skipped="0">
  <testcase classname="com.uitesting.runner.RunnerTestNGTest" name="runScenario" time="22.947"/>
  <system-out/>
</testsuite> <!-- com.uitesting.runner.RunnerTestNGTest -->
